Forwarding: 
https://my.webhookrelay.com/v1/webhooks/b7fa121f-f40c-44d2-b23f-70ab9dd18309 -> http://localhost:8080/github-webhook/
Starting webhook relay agent... 
2020-03-02 09:57:12.406	INFO	using standard transport...
2020-03-02 09:57:12.543	INFO	webhook relay ready...	{"host": "my.webhookrelay.com:8080", "buckets": ["ef278bd1-daea-4e98-8e40-8f4aaf90069e"]}
2020-03-02 10:01:39.068	INFO	webhook request relayed	{"destination": "http://localhost:8080/github-webhook/", "method": "POST", "bucket": "jenkins", "status": "200 OK", "retries": 0}
2020-03-02 10:04:13.093	INFO	webhook request relayed	{"destination": "http://localhost:8080/github-webhook/", "method": "POST", "bucket": "jenkins", "status": "200 OK", "retries": 0}
2020-03-02 10:05:05.831	INFO	webhook request relayed	{"destination": "http://localhost:8080/github-webhook/", "method": "POST", "bucket": "jenkins", "status": "200 OK", "retries": 0}
2020-03-02 10:27:55.613	INFO	webhook request relayed	{"destination": "http://localhost:8080/github-webhook/", "method": "POST", "bucket": "jenkins", "status": "200 OK", "retries": 0}
2020-03-02 10:33:46.991	INFO	webhook request relayed	{"destination": "http://localhost:8080/github-webhook/", "method": "POST", "bucket": "jenkins", "status": "200 OK", "retries": 0}
2020-03-02 11:16:44.379	INFO	webhook request relayed	{"destination": "http://localhost:8080/github-webhook/", "method": "POST", "bucket": "jenkins", "status": "200 OK", "retries": 0}
Forwarding: 
https://my.webhookrelay.com/v1/webhooks/b7fa121f-f40c-44d2-b23f-70ab9dd18309 -> http://localhost:8080/github-webhook/
Starting webhook relay agent... 
2020-03-02 15:07:03.668	INFO	using standard transport...
2020-03-02 15:07:03.808	INFO	webhook relay ready...	{"host": "my.webhookrelay.com:8080", "buckets": ["ef278bd1-daea-4e98-8e40-8f4aaf90069e"]}
Forwarding: 
https://my.webhookrelay.com/v1/webhooks/b7fa121f-f40c-44d2-b23f-70ab9dd18309 -> http://localhost:8080/github-webhook/
Starting webhook relay agent... 
2020-03-02 15:35:14.106	INFO	using standard transport...
2020-03-02 15:35:14.235	INFO	webhook relay ready...	{"host": "my.webhookrelay.com:8080", "buckets": ["ef278bd1-daea-4e98-8e40-8f4aaf90069e"]}
Forwarding: 
https://my.webhookrelay.com/v1/webhooks/b7fa121f-f40c-44d2-b23f-70ab9dd18309 -> http://localhost:8080/github-webhook/
Starting webhook relay agent... 
2020-03-02 15:40:35.412	INFO	using standard transport...
2020-03-02 15:40:35.540	INFO	webhook relay ready...	{"host": "my.webhookrelay.com:8080", "buckets": ["ef278bd1-daea-4e98-8e40-8f4aaf90069e"]}
Forwarding: 
https://my.webhookrelay.com/v1/webhooks/b7fa121f-f40c-44d2-b23f-70ab9dd18309 -> http://localhost:8080/github-webhook/
Starting webhook relay agent... 
2020-03-02 15:43:32.730	INFO	using standard transport...
2020-03-02 15:43:32.858	INFO	webhook relay ready...	{"host": "my.webhookrelay.com:8080", "buckets": ["ef278bd1-daea-4e98-8e40-8f4aaf90069e"]}
2020-03-02 16:00:33.064	INFO	webhook request relayed	{"destination": "http://localhost:8080/github-webhook/", "method": "POST", "bucket": "jenkins", "status": "200 OK", "retries": 0}
2020-03-02 16:00:33.064	INFO	webhook request relayed	{"destination": "http://localhost:8080/github-webhook/", "method": "POST", "bucket": "jenkins", "status": "200 OK", "retries": 0}
2020-03-02 16:00:33.064	INFO	webhook request relayed	{"destination": "http://localhost:8080/github-webhook/", "method": "POST", "bucket": "jenkins", "status": "200 OK", "retries": 0}
2020-03-02 16:00:33.065	INFO	webhook request relayed	{"destination": "http://localhost:8080/github-webhook/", "method": "POST", "bucket": "jenkins", "status": "200 OK", "retries": 0}
2020-03-02 16:02:42.041	INFO	webhook request relayed	{"destination": "http://localhost:8080/github-webhook/", "method": "POST", "bucket": "jenkins", "status": "200 OK", "retries": 0}
2020-03-02 16:02:42.042	INFO	webhook request relayed	{"destination": "http://localhost:8080/github-webhook/", "method": "POST", "bucket": "jenkins", "status": "200 OK", "retries": 0}
2020-03-02 16:02:42.046	INFO	webhook request relayed	{"destination": "http://localhost:8080/github-webhook/", "method": "POST", "bucket": "jenkins", "status": "200 OK", "retries": 0}
2020-03-02 16:02:42.048	INFO	webhook request relayed	{"destination": "http://localhost:8080/github-webhook/", "method": "POST", "bucket": "jenkins", "status": "200 OK", "retries": 0}
2020-03-02 16:06:08.651	INFO	webhook request relayed	{"destination": "http://localhost:8080/github-webhook/", "method": "POST", "bucket": "jenkins", "status": "200 OK", "retries": 0}
2020-03-02 16:06:08.653	INFO	webhook request relayed	{"destination": "http://localhost:8080/github-webhook/", "method": "POST", "bucket": "jenkins", "status": "200 OK", "retries": 0}
2020-03-02 16:06:08.657	INFO	webhook request relayed	{"destination": "http://localhost:8080/github-webhook/", "method": "POST", "bucket": "jenkins", "status": "200 OK", "retries": 0}
2020-03-02 16:06:08.702	INFO	webhook request relayed	{"destination": "http://localhost:8080/github-webhook/", "method": "POST", "bucket": "jenkins", "status": "200 OK", "retries": 0}
2020-03-02 16:15:40.108	INFO	webhook request relayed	{"destination": "http://localhost:8080/github-webhook/", "method": "POST", "bucket": "jenkins", "status": "200 OK", "retries": 0}
2020-03-02 16:15:40.111	INFO	webhook request relayed	{"destination": "http://localhost:8080/github-webhook/", "method": "POST", "bucket": "jenkins", "status": "200 OK", "retries": 0}
2020-03-02 16:15:40.111	INFO	webhook request relayed	{"destination": "http://localhost:8080/github-webhook/", "method": "POST", "bucket": "jenkins", "status": "200 OK", "retries": 0}
2020-03-02 16:15:40.146	INFO	webhook request relayed	{"destination": "http://localhost:8080/github-webhook/", "method": "POST", "bucket": "jenkins", "status": "200 OK", "retries": 0}
2020-03-02 16:16:45.548	INFO	webhook request relayed	{"destination": "http://localhost:8080/github-webhook/", "method": "POST", "bucket": "jenkins", "status": "200 OK", "retries": 0}
2020-03-02 16:16:45.552	INFO	webhook request relayed	{"destination": "http://localhost:8080/github-webhook/", "method": "POST", "bucket": "jenkins", "status": "200 OK", "retries": 0}
2020-03-02 16:16:45.555	INFO	webhook request relayed	{"destination": "http://localhost:8080/github-webhook/", "method": "POST", "bucket": "jenkins", "status": "200 OK", "retries": 0}
2020-03-02 16:16:45.587	INFO	webhook request relayed	{"destination": "http://localhost:8080/github-webhook/", "method": "POST", "bucket": "jenkins", "status": "200 OK", "retries": 0}
